[0810/225019.109:ERROR:scoped_process_suspend.cc(31)] NtSuspendProcess: An attempt was made to access an exiting process. (0xc000010a)
[0810/225019.109:ERROR:scoped_process_suspend.cc(31)] NtSuspendProcess: An attempt was made to access an exiting process. (0xc000010a)
[0810/225019.765:ERROR:process_info.cc(118)] ReadProcessMemory bool __cdecl crashpad::(anonymous namespace)::ReadStruct(HANDLE, crashpad::WinVMAddress, T *) [T = crashpad::process_types::PEB<crashpad::process_types::internal::Traits64>]: Only part of a ReadProcessMemory or WriteProcessMemory request was completed. (0x12B)
[0810/225019.765:ERROR:process_info.cc(551)] ReadProcessData failed
[0810/225019.765:ERROR:process_info.cc(118)] ReadProcessMemory bool __cdecl crashpad::(anonymous namespace)::ReadStruct(HANDLE, crashpad::WinVMAddress, T *) [T = crashpad::process_types::PEB<crashpad::process_types::internal::Traits64>]: Only part of a ReadProcessMemory or WriteProcessMemory request was completed. (0x12B)
[0810/225019.765:ERROR:process_info.cc(551)] ReadProcessData failed
[1009/000624.294:ERROR:process_memory_win.cc(73)] ReadMemory at 0x7ff7f6670000 of 64 bytes failed: Only part of a ReadProcessMemory or WriteProcessMemory request was completed. (0x12B)
[1009/000624.540:WARNING:pe_image_reader.cc(340)] could not read dos header from C:\Program Files (x86)\Google\Chrome\Application\chrome.exe
[1009/000624.540:ERROR:process_memory_win.cc(73)] ReadMemory at 0x7ff822fa0000 of 64 bytes failed: Only part of a ReadProcessMemory or WriteProcessMemory request was completed. (0x12B)
[1009/000624.540:WARNING:pe_image_reader.cc(340)] could not read dos header from C:\Windows\SYSTEM32\ntdll.dll
[1009/000624.540:ERROR:process_memory_win.cc(73)] ReadMemory at 0x7ff8205d0000 of 64 bytes failed: Only part of a ReadProcessMemory or WriteProcessMemory request was completed. (0x12B)
[1009/000624.540:WARNING:pe_image_reader.cc(340)] could not read dos header from C:\Windows\System32\KERNEL32.DLL
[1009/000624.540:ERROR:process_memory_win.cc(73)] ReadMemory at 0x7ff81fbb0000 of 64 bytes failed: Only part of a ReadProcessMemory or WriteProcessMemory request was completed. (0x12B)
[1009/000624.540:WARNING:pe_image_reader.cc(340)] could not read dos header from C:\Windows\System32\KERNELBASE.dll
[1009/000624.540:ERROR:process_memory_win.cc(73)] ReadMemory at 0x7ff812490000 of 64 bytes failed: Only part of a ReadProcessMemory or WriteProcessMemory request was completed. (0x12B)
[1009/000624.540:WARNING:pe_image_reader.cc(340)] could not read dos header from C:\Program Files (x86)\Google\Chrome\Application\85.0.4183.121\chrome_elf.dll
[1009/000624.540:ERROR:process_memory_win.cc(73)] ReadMemory at 0x7ff811b40000 of 64 bytes failed: Only part of a ReadProcessMemory or WriteProcessMemory request was completed. (0x12B)
[1009/000624.540:WARNING:pe_image_reader.cc(340)] could not read dos header from C:\Windows\SYSTEM32\VERSION.dll
[1009/000624.540:ERROR:process_memory_win.cc(73)] ReadMemory at 0x7ff822610000 of 64 bytes failed: Only part of a ReadProcessMemory or WriteProcessMemory request was completed. (0x12B)
[1009/000624.540:WARNING:pe_image_reader.cc(340)] could not read dos header from C:\Windows\System32\msvcrt.dll
[1009/000624.540:ERROR:process_memory_win.cc(73)] ReadMemory at 0x7ff81f800000 of 64 bytes failed: Only part of a ReadProcessMemory or WriteProcessMemory request was completed. (0x12B)
[1009/000624.540:WARNING:pe_image_reader.cc(340)] could not read dos header from C:\Windows\System32\bcryptPrimitives.dll
[1009/000624.540:ERROR:process_memory_win.cc(73)] ReadMemory at 0x7ff821df0000 of 64 bytes failed: Only part of a ReadProcessMemory or WriteProcessMemory request was completed. (0x12B)
[1009/000624.540:WARNING:pe_image_reader.cc(340)] could not read dos header from C:\Windows\System32\ADVAPI32.dll
[1009/000624.540:ERROR:process_memory_win.cc(73)] ReadMemory at 0x7ff821ea0000 of 64 bytes failed: Only part of a ReadProcessMemory or WriteProcessMemory request was completed. (0x12B)
[1009/000624.540:WARNING:pe_image_reader.cc(340)] could not read dos header from C:\Windows\System32\sechost.dll
[1009/000624.575:ERROR:process_memory_win.cc(73)] ReadMemory at 0x7ff822b50000 of 64 bytes failed: Only part of a ReadProcessMemory or WriteProcessMemory request was completed. (0x12B)
[1009/000624.575:WARNING:pe_image_reader.cc(340)] could not read dos header from C:\Windows\System32\RPCRT4.dll
[1009/000624.575:ERROR:process_memory_win.cc(73)] ReadMemory at 0x7fffe5b80000 of 64 bytes failed: Only part of a ReadProcessMemory or WriteProcessMemory request was completed. (0x12B)
[1009/000624.576:WARNING:pe_image_reader.cc(340)] could not read dos header from C:\Program Files (x86)\Google\Chrome\Application\85.0.4183.121\chrome.dll
[1009/000624.576:ERROR:process_memory_win.cc(73)] ReadMemory at 0x7ff822020000 of 64 bytes failed: Only part of a ReadProcessMemory or WriteProcessMemory request was completed. (0x12B)
[1009/000624.576:WARNING:pe_image_reader.cc(340)] could not read dos header from C:\Windows\System32\WS2_32.dll
[1009/000624.576:ERROR:process_memory_win.cc(73)] ReadMemory at 0x7ff821f00000 of 64 bytes failed: Only part of a ReadProcessMemory or WriteProcessMemory request was completed. (0x12B)
[1009/000624.576:WARNING:pe_image_reader.cc(340)] could not read dos header from C:\Windows\System32\OLEAUT32.dll
[1009/000624.576:ERROR:process_memory_win.cc(73)] ReadMemory at 0x7ff81f870000 of 64 bytes failed: Only part of a ReadProcessMemory or WriteProcessMemory request was completed. (0x12B)
[1009/000624.576:WARNING:pe_image_reader.cc(340)] could not read dos header from C:\Windows\System32\msvcp_win.dll
[1009/000624.576:ERROR:process_memory_win.cc(73)] ReadMemory at 0x7ff81f650000 of 64 bytes failed: Only part of a ReadProcessMemory or WriteProcessMemory request was completed. (0x12B)
[1009/000624.576:WARNING:pe_image_reader.cc(340)] could not read dos header from C:\Windows\System32\ucrtbase.dll
[1009/000624.576:ERROR:process_memory_win.cc(73)] ReadMemory at 0x7ff822170000 of 64 bytes failed: Only part of a ReadProcessMemory or WriteProcessMemory request was completed. (0x12B)
[1009/000624.576:WARNING:pe_image_reader.cc(340)] could not read dos header from C:\Windows\System32\combase.dll
[1009/000624.576:ERROR:process_memory_win.cc(73)] ReadMemory at 0x7ff81f980000 of 64 bytes failed: Only part of a ReadProcessMemory or WriteProcessMemory request was completed. (0x12B)
[1009/000624.576:WARNING:pe_image_reader.cc(340)] could not read dos header from C:\Windows\System32\WINTRUST.dll
[1009/000624.576:ERROR:process_memory_win.cc(73)] ReadMemory at 0x7ff81f410000 of 64 bytes failed: Only part of a ReadProcessMemory or WriteProcessMemory request was completed. (0x12B)
[1009/000624.576:WARNING:pe_image_reader.cc(340)] could not read dos header from C:\Windows\System32\MSASN1.dll
[1009/000624.576:ERROR:process_memory_win.cc(73)] ReadMemory at 0x7ff81f9e0000 of 64 bytes failed: Only part of a ReadProcessMemory or WriteProcessMemory request was completed. (0x12B)
[1009/000624.576:WARNING:pe_image_reader.cc(340)] could not read dos header from C:\Windows\System32\CRYPT32.dll
[1009/000624.576:ERROR:process_memory_win.cc(73)] ReadMemory at 0x7ff81eac0000 of 64 bytes failed: Only part of a ReadProcessMemory or WriteProcessMemory request was completed. (0x12B)
[1009/000624.576:WARNING:pe_image_reader.cc(340)] could not read dos header from C:\Windows\SYSTEM32\IPHLPAPI.DLL
[1009/000624.576:ERROR:process_memory_win.cc(73)] ReadMemory at 0x7ff81d7f0000 of 64 bytes failed: Only part of a ReadProcessMemory or WriteProcessMemory request was completed. (0x12B)
[1009/000624.576:WARNING:pe_image_reader.cc(340)] could not read dos header from C:\Windows\SYSTEM32\WINMM.dll
[1009/000624.576:ERROR:process_memory_win.cc(73)] ReadMemory at 0x7ff818880000 of 64 bytes failed: Only part of a ReadProcessMemory or WriteProcessMemory request was completed. (0x12B)
[1009/000624.576:WARNING:pe_image_reader.cc(340)] could not read dos header from C:\Windows\SYSTEM32\UIAutomationCore.DLL
[1009/000624.576:ERROR:process_memory_win.cc(73)] ReadMemory at 0x7ff80e920000 of 64 bytes failed: Only part of a ReadProcessMemory or WriteProcessMemory request was completed. (0x12B)
[1009/000624.577:WARNING:pe_image_reader.cc(340)] could not read dos header from C:\Windows\SYSTEM32\Secur32.dll
[1009/000624.577:ERROR:process_memory_win.cc(73)] ReadMemory at 0x7ff81f310000 of 64 bytes failed: Only part of a ReadProcessMemory or WriteProcessMemory request was completed. (0x12B)
[1009/000624.577:WARNING:pe_image_reader.cc(340)] could not read dos header from C:\Windows\SYSTEM32\USERENV.dll
[1009/000624.577:ERROR:process_memory_win.cc(73)] ReadMemory at 0x7ff81f4a0000 of 64 bytes failed: Only part of a ReadProcessMemory or WriteProcessMemory request was completed. (0x12B)
[1009/000624.577:WARNING:pe_image_reader.cc(340)] could not read dos header from C:\Windows\System32\profapi.dll
[1009/000624.577:ERROR:process_memory_win.cc(73)] ReadMemory at 0x7ff812f30000 of 64 bytes failed: Only part of a ReadProcessMemory or WriteProcessMemory request was completed. (0x12B)
[1009/000624.577:WARNING:pe_image_reader.cc(340)] could not read dos header from C:\Windows\SYSTEM32\DWrite.dll
[1009/000624.577:ERROR:process_memory_win.cc(73)] ReadMemory at 0x7ff80b880000 of 64 bytes failed: Only part of a ReadProcessMemory or WriteProcessMemory request was completed. (0x12B)
[1009/000624.577:WARNING:pe_image_reader.cc(340)] could not read dos header from C:\Windows\SYSTEM32\WINSPOOL.DRV
[1009/000624.577:ERROR:process_memory_win.cc(73)] ReadMemory at 0x7ff8101e0000 of 64 bytes failed: Only part of a ReadProcessMemory or WriteProcessMemory request was completed. (0x12B)
[1009/000624.577:WARNING:pe_image_reader.cc(340)] could not read dos header from C:\Windows\SYSTEM32\dbghelp.dll
[1009/000624.577:ERROR:process_memory_win.cc(73)] ReadMemory at 0x7ff812910000 of 64 bytes failed: Only part of a ReadProcessMemory or WriteProcessMemory request was completed. (0x12B)
[1009/000624.577:WARNING:pe_image_reader.cc(340)] could not read dos header from C:\Windows\SYSTEM32\WINHTTP.dll
[1009/000624.577:ERROR:process_memory_win.cc(73)] ReadMemory at 0x7ff814950000 of 64 bytes failed: Only part of a ReadProcessMemory or WriteProcessMemory request was completed. (0x12B)
[1009/000624.577:WARNING:pe_image_reader.cc(340)] could not read dos header from C:\Windows\SYSTEM32\dhcpcsvc.DLL
[1009/000624.577:ERROR:process_memory_win.cc(73)] ReadMemory at 0x7ff821cd0000 of 64 bytes failed: Only part of a ReadProcessMemory or WriteProcessMemory request was completed. (0x12B)
[1009/000624.577:WARNING:pe_image_reader.cc(340)] could not read dos header from C:\Windows\System32\NSI.dll
[1009/000624.577:ERROR:process_memory_win.cc(73)] ReadMemory at 0x7ff81d790000 of 64 bytes failed: Only part of a ReadProcessMemory or WriteProcessMemory request was completed. (0x12B)
[1009/000624.577:WARNING:pe_image_reader.cc(340)] could not read dos header from C:\Windows\SYSTEM32\WINMMBASE.dll
[1009/000624.577:ERROR:process_memory_win.cc(73)] ReadMemory at 0x7ff81f910000 of 64 bytes failed: Only part of a ReadProcessMemory or WriteProcessMemory request was completed. (0x12B)
[1009/000624.577:WARNING:pe_image_reader.cc(340)] could not read dos header from C:\Windows\System32\cfgmgr32.dll
[1009/000624.577:ERROR:process_memory_win.cc(73)] ReadMemory at 0x7ff81efd0000 of 64 bytes failed: Only part of a ReadProcessMemory or WriteProcessMemory request was completed. (0x12B)
[1009/000624.577:WARNING:pe_image_reader.cc(340)] could not read dos header from C:\Windows\SYSTEM32\bcrypt.dll
[1009/000624.577:ERROR:process_memory_win.cc(73)] ReadMemory at 0x7ff81f340000 of 64 bytes failed: Only part of a ReadProcessMemory or WriteProcessMemory request was completed. (0x12B)
[1009/000624.577:WARNING:pe_image_reader.cc(340)] could not read dos header from C:\Windows\SYSTEM32\SSPICLI.DLL
[1009/000624.577:ERROR:process_memory_win.cc(73)] ReadMemory at 0x7ff81eee0000 of 64 bytes failed: Only part of a ReadProcessMemory or WriteProcessMemory request was completed. (0x12B)
[1009/000624.577:WARNING:pe_image_reader.cc(340)] could not read dos header from C:\Windows\SYSTEM32\CRYPTBASE.DLL
[1009/000624.779:ERROR:process_memory_win.cc(73)] ReadMemory at 0x7ff7f6670000 of 64 bytes failed: Only part of a ReadProcessMemory or WriteProcessMemory request was completed. (0x12B)
[1009/000624.779:WARNING:pe_image_reader.cc(340)] could not read dos header from C:\Program Files (x86)\Google\Chrome\Application\chrome.exe
[1009/000624.779:ERROR:process_memory_win.cc(73)] ReadMemory at 0x7ff822fa0000 of 64 bytes failed: Only part of a ReadProcessMemory or WriteProcessMemory request was completed. (0x12B)
[1009/000624.779:WARNING:pe_image_reader.cc(340)] could not read dos header from C:\Windows\SYSTEM32\ntdll.dll
[1009/000624.779:ERROR:process_memory_win.cc(73)] ReadMemory at 0x7ff8205d0000 of 64 bytes failed: Only part of a ReadProcessMemory or WriteProcessMemory request was completed. (0x12B)
[1009/000624.779:WARNING:pe_image_reader.cc(340)] could not read dos header from C:\Windows\System32\KERNEL32.DLL
[1009/000624.779:ERROR:process_memory_win.cc(73)] ReadMemory at 0x7ff81fbb0000 of 64 bytes failed: Only part of a ReadProcessMemory or WriteProcessMemory request was completed. (0x12B)
[1009/000624.779:WARNING:pe_image_reader.cc(340)] could not read dos header from C:\Windows\System32\KERNELBASE.dll
[1009/000624.779:ERROR:process_memory_win.cc(73)] ReadMemory at 0x7ff812490000 of 64 bytes failed: Only part of a ReadProcessMemory or WriteProcessMemory request was completed. (0x12B)
[1009/000624.779:WARNING:pe_image_reader.cc(340)] could not read dos header from C:\Program Files (x86)\Google\Chrome\Application\85.0.4183.121\chrome_elf.dll
[1009/000624.779:ERROR:process_memory_win.cc(73)] ReadMemory at 0x7ff811b40000 of 64 bytes failed: Only part of a ReadProcessMemory or WriteProcessMemory request was completed. (0x12B)
[1009/000624.779:WARNING:pe_image_reader.cc(340)] could not read dos header from C:\Windows\SYSTEM32\VERSION.dll
[1009/000624.779:ERROR:process_memory_win.cc(73)] ReadMemory at 0x7ff822610000 of 64 bytes failed: Only part of a ReadProcessMemory or WriteProcessMemory request was completed. (0x12B)
[1009/000624.779:WARNING:pe_image_reader.cc(340)] could not read dos header from C:\Windows\System32\msvcrt.dll
[1009/000624.779:ERROR:process_memory_win.cc(73)] ReadMemory at 0x7ff81f800000 of 64 bytes failed: Only part of a ReadProcessMemory or WriteProcessMemory request was completed. (0x12B)
[1009/000624.779:WARNING:pe_image_reader.cc(340)] could not read dos header from C:\Windows\System32\bcryptPrimitives.dll
[1009/000624.779:ERROR:process_memory_win.cc(73)] ReadMemory at 0x7ff821df0000 of 64 bytes failed: Only part of a ReadProcessMemory or WriteProcessMemory request was completed. (0x12B)
[1009/000624.779:WARNING:pe_image_reader.cc(340)] could not read dos header from C:\Windows\System32\ADVAPI32.dll
[1009/000624.779:ERROR:process_memory_win.cc(73)] ReadMemory at 0x7ff821ea0000 of 64 bytes failed: Only part of a ReadProcessMemory or WriteProcessMemory request was completed. (0x12B)
[1009/000624.779:WARNING:pe_image_reader.cc(340)] could not read dos header from C:\Windows\System32\sechost.dll
[1009/000624.780:ERROR:process_memory_win.cc(73)] ReadMemory at 0x7ff822b50000 of 64 bytes failed: Only part of a ReadProcessMemory or WriteProcessMemory request was completed. (0x12B)
[1009/000624.780:WARNING:pe_image_reader.cc(340)] could not read dos header from C:\Windows\System32\RPCRT4.dll
[1009/000624.780:ERROR:process_memory_win.cc(73)] ReadMemory at 0x7fffe5b80000 of 64 bytes failed: Only part of a ReadProcessMemory or WriteProcessMemory request was completed. (0x12B)
[1009/000624.780:WARNING:pe_image_reader.cc(340)] could not read dos header from C:\Program Files (x86)\Google\Chrome\Application\85.0.4183.121\chrome.dll
[1009/000624.780:ERROR:process_memory_win.cc(73)] ReadMemory at 0x7ff822020000 of 64 bytes failed: Only part of a ReadProcessMemory or WriteProcessMemory request was completed. (0x12B)
[1009/000624.780:WARNING:pe_image_reader.cc(340)] could not read dos header from C:\Windows\System32\WS2_32.dll
[1009/000624.780:ERROR:process_memory_win.cc(73)] ReadMemory at 0x7ff821f00000 of 64 bytes failed: Only part of a ReadProcessMemory or WriteProcessMemory request was completed. (0x12B)
[1009/000624.780:WARNING:pe_image_reader.cc(340)] could not read dos header from C:\Windows\System32\OLEAUT32.dll
[1009/000624.780:ERROR:process_memory_win.cc(73)] ReadMemory at 0x7ff81f870000 of 64 bytes failed: Only part of a ReadProcessMemory or WriteProcessMemory request was completed. (0x12B)
[1009/000624.780:WARNING:pe_image_reader.cc(340)] could not read dos header from C:\Windows\System32\msvcp_win.dll
[1009/000624.780:ERROR:process_memory_win.cc(73)] ReadMemory at 0x7ff81f650000 of 64 bytes failed: Only part of a ReadProcessMemory or WriteProcessMemory request was completed. (0x12B)
[1009/000624.780:WARNING:pe_image_reader.cc(340)] could not read dos header from C:\Windows\System32\ucrtbase.dll
[1009/000624.780:ERROR:process_memory_win.cc(73)] ReadMemory at 0x7ff822170000 of 64 bytes failed: Only part of a ReadProcessMemory or WriteProcessMemory request was completed. (0x12B)
[1009/000624.780:WARNING:pe_image_reader.cc(340)] could not read dos header from C:\Windows\System32\combase.dll
[1009/000624.780:ERROR:process_memory_win.cc(73)] ReadMemory at 0x7ff81f980000 of 64 bytes failed: Only part of a ReadProcessMemory or WriteProcessMemory request was completed. (0x12B)
[1009/000624.780:WARNING:pe_image_reader.cc(340)] could not read dos header from C:\Windows\System32\WINTRUST.dll
[1009/000624.780:ERROR:process_memory_win.cc(73)] ReadMemory at 0x7ff81f410000 of 64 bytes failed: Only part of a ReadProcessMemory or WriteProcessMemory request was completed. (0x12B)
[1009/000624.780:WARNING:pe_image_reader.cc(340)] could not read dos header from C:\Windows\System32\MSASN1.dll
[1009/000624.780:ERROR:process_memory_win.cc(73)] ReadMemory at 0x7ff81f9e0000 of 64 bytes failed: Only part of a ReadProcessMemory or WriteProcessMemory request was completed. (0x12B)
[1009/000624.780:WARNING:pe_image_reader.cc(340)] could not read dos header from C:\Windows\System32\CRYPT32.dll
[1009/000624.780:ERROR:process_memory_win.cc(73)] ReadMemory at 0x7ff81eac0000 of 64 bytes failed: Only part of a ReadProcessMemory or WriteProcessMemory request was completed. (0x12B)
[1009/000624.780:WARNING:pe_image_reader.cc(340)] could not read dos header from C:\Windows\SYSTEM32\IPHLPAPI.DLL
[1009/000624.780:ERROR:process_memory_win.cc(73)] ReadMemory at 0x7ff81d7f0000 of 64 bytes failed: Only part of a ReadProcessMemory or WriteProcessMemory request was completed. (0x12B)
[1009/000624.780:WARNING:pe_image_reader.cc(340)] could not read dos header from C:\Windows\SYSTEM32\WINMM.dll
[1009/000624.780:ERROR:process_memory_win.cc(73)] ReadMemory at 0x7ff818880000 of 64 bytes failed: Only part of a ReadProcessMemory or WriteProcessMemory request was completed. (0x12B)
[1009/000624.780:WARNING:pe_image_reader.cc(340)] could not read dos header from C:\Windows\SYSTEM32\UIAutomationCore.DLL
[1009/000624.780:ERROR:process_memory_win.cc(73)] ReadMemory at 0x7ff80e920000 of 64 bytes failed: Only part of a ReadProcessMemory or WriteProcessMemory request was completed. (0x12B)
[1009/000624.780:WARNING:pe_image_reader.cc(340)] could not read dos header from C:\Windows\SYSTEM32\Secur32.dll
[1009/000624.780:ERROR:process_memory_win.cc(73)] ReadMemory at 0x7ff81f310000 of 64 bytes failed: Only part of a ReadProcessMemory or WriteProcessMemory request was completed. (0x12B)
[1009/000624.781:WARNING:pe_image_reader.cc(340)] could not read dos header from C:\Windows\SYSTEM32\USERENV.dll
[1009/000624.781:ERROR:process_memory_win.cc(73)] ReadMemory at 0x7ff81f4a0000 of 64 bytes failed: Only part of a ReadProcessMemory or WriteProcessMemory request was completed. (0x12B)
[1009/000624.781:WARNING:pe_image_reader.cc(340)] could not read dos header from C:\Windows\System32\profapi.dll
[1009/000624.781:ERROR:process_memory_win.cc(73)] ReadMemory at 0x7ff812f30000 of 64 bytes failed: Only part of a ReadProcessMemory or WriteProcessMemory request was completed. (0x12B)
[1009/000624.781:WARNING:pe_image_reader.cc(340)] could not read dos header from C:\Windows\SYSTEM32\DWrite.dll
[1009/000624.781:ERROR:process_memory_win.cc(73)] ReadMemory at 0x7ff80b880000 of 64 bytes failed: Only part of a ReadProcessMemory or WriteProcessMemory request was completed. (0x12B)
[1009/000624.781:WARNING:pe_image_reader.cc(340)] could not read dos header from C:\Windows\SYSTEM32\WINSPOOL.DRV
[1009/000624.781:ERROR:process_memory_win.cc(73)] ReadMemory at 0x7ff8101e0000 of 64 bytes failed: Only part of a ReadProcessMemory or WriteProcessMemory request was completed. (0x12B)
[1009/000624.781:WARNING:pe_image_reader.cc(340)] could not read dos header from C:\Windows\SYSTEM32\dbghelp.dll
[1009/000624.781:ERROR:process_memory_win.cc(73)] ReadMemory at 0x7ff812910000 of 64 bytes failed: Only part of a ReadProcessMemory or WriteProcessMemory request was completed. (0x12B)
[1009/000624.781:WARNING:pe_image_reader.cc(340)] could not read dos header from C:\Windows\SYSTEM32\WINHTTP.dll
[1009/000624.781:ERROR:process_memory_win.cc(73)] ReadMemory at 0x7ff814950000 of 64 bytes failed: Only part of a ReadProcessMemory or WriteProcessMemory request was completed. (0x12B)
[1009/000624.781:WARNING:pe_image_reader.cc(340)] could not read dos header from C:\Windows\SYSTEM32\dhcpcsvc.DLL
[1009/000624.781:ERROR:process_memory_win.cc(73)] ReadMemory at 0x7ff821cd0000 of 64 bytes failed: Only part of a ReadProcessMemory or WriteProcessMemory request was completed. (0x12B)
[1009/000624.781:WARNING:pe_image_reader.cc(340)] could not read dos header from C:\Windows\System32\NSI.dll
[1009/000624.781:ERROR:process_memory_win.cc(73)] ReadMemory at 0x7ff81d790000 of 64 bytes failed: Only part of a ReadProcessMemory or WriteProcessMemory request was completed. (0x12B)
[1009/000624.781:WARNING:pe_image_reader.cc(340)] could not read dos header from C:\Windows\SYSTEM32\WINMMBASE.dll
[1009/000624.781:ERROR:process_memory_win.cc(73)] ReadMemory at 0x7ff81f910000 of 64 bytes failed: Only part of a ReadProcessMemory or WriteProcessMemory request was completed. (0x12B)
[1009/000624.781:WARNING:pe_image_reader.cc(340)] could not read dos header from C:\Windows\System32\cfgmgr32.dll
[1009/000624.781:ERROR:process_memory_win.cc(73)] ReadMemory at 0x7ff81efd0000 of 64 bytes failed: Only part of a ReadProcessMemory or WriteProcessMemory request was completed. (0x12B)
[1009/000624.781:WARNING:pe_image_reader.cc(340)] could not read dos header from C:\Windows\SYSTEM32\bcrypt.dll
[1009/000624.781:ERROR:process_memory_win.cc(73)] ReadMemory at 0x7ff81f340000 of 64 bytes failed: Only part of a ReadProcessMemory or WriteProcessMemory request was completed. (0x12B)
[1009/000624.781:WARNING:pe_image_reader.cc(340)] could not read dos header from C:\Windows\SYSTEM32\SSPICLI.DLL
[1009/000624.781:ERROR:process_memory_win.cc(73)] ReadMemory at 0x7ff81eee0000 of 64 bytes failed: Only part of a ReadProcessMemory or WriteProcessMemory request was completed. (0x12B)
[1009/000624.781:WARNING:pe_image_reader.cc(340)] could not read dos header from C:\Windows\SYSTEM32\CRYPTBASE.DLL
[1009/000624.781:ERROR:process_memory_win.cc(73)] ReadMemory at 0x7ff7f6670000 of 64 bytes failed: Only part of a ReadProcessMemory or WriteProcessMemory request was completed. (0x12B)
[1009/000624.781:WARNING:pe_image_reader.cc(340)] could not read dos header from C:\Program Files (x86)\Google\Chrome\Application\chrome.exe
[1009/000624.781:ERROR:process_memory_win.cc(73)] ReadMemory at 0x7ff822fa0000 of 64 bytes failed: Only part of a ReadProcessMemory or WriteProcessMemory request was completed. (0x12B)
[1009/000624.781:WARNING:pe_image_reader.cc(340)] could not read dos header from C:\Windows\SYSTEM32\ntdll.dll
[1009/000624.781:ERROR:process_memory_win.cc(73)] ReadMemory at 0x7ff8205d0000 of 64 bytes failed: Only part of a ReadProcessMemory or WriteProcessMemory request was completed. (0x12B)
[1009/000624.781:WARNING:pe_image_reader.cc(340)] could not read dos header from C:\Windows\System32\KERNEL32.DLL
[1009/000624.781:ERROR:process_memory_win.cc(73)] ReadMemory at 0x7ff81fbb0000 of 64 bytes failed: Only part of a ReadProcessMemory or WriteProcessMemory request was completed. (0x12B)
[1009/000624.782:WARNING:pe_image_reader.cc(340)] could not read dos header from C:\Windows\System32\KERNELBASE.dll
[1009/000624.782:ERROR:process_memory_win.cc(73)] ReadMemory at 0x7ff812490000 of 64 bytes failed: Only part of a ReadProcessMemory or WriteProcessMemory request was completed. (0x12B)
[1009/000624.782:WARNING:pe_image_reader.cc(340)] could not read dos header from C:\Program Files (x86)\Google\Chrome\Application\85.0.4183.121\chrome_elf.dll
[1009/000624.782:ERROR:process_memory_win.cc(73)] ReadMemory at 0x7ff811b40000 of 64 bytes failed: Only part of a ReadProcessMemory or WriteProcessMemory request was completed. (0x12B)
[1009/000624.782:WARNING:pe_image_reader.cc(340)] could not read dos header from C:\Windows\SYSTEM32\VERSION.dll
[1009/000624.782:ERROR:process_memory_win.cc(73)] ReadMemory at 0x7ff822610000 of 64 bytes failed: Only part of a ReadProcessMemory or WriteProcessMemory request was completed. (0x12B)
[1009/000624.782:WARNING:pe_image_reader.cc(340)] could not read dos header from C:\Windows\System32\msvcrt.dll
[1009/000624.782:ERROR:process_memory_win.cc(73)] ReadMemory at 0x7ff81f800000 of 64 bytes failed: Only part of a ReadProcessMemory or WriteProcessMemory request was completed. (0x12B)
[1009/000624.782:WARNING:pe_image_reader.cc(340)] could not read dos header from C:\Windows\System32\bcryptPrimitives.dll
[1009/000624.782:ERROR:process_memory_win.cc(73)] ReadMemory at 0x7ff821df0000 of 64 bytes failed: Only part of a ReadProcessMemory or WriteProcessMemory request was completed. (0x12B)
[1009/000624.782:WARNING:pe_image_reader.cc(340)] could not read dos header from C:\Windows\System32\ADVAPI32.dll
[1009/000624.782:ERROR:process_memory_win.cc(73)] ReadMemory at 0x7ff821ea0000 of 64 bytes failed: Only part of a ReadProcessMemory or WriteProcessMemory request was completed. (0x12B)
[1009/000624.782:WARNING:pe_image_reader.cc(340)] could not read dos header from C:\Windows\System32\sechost.dll
[1009/000624.782:ERROR:process_memory_win.cc(73)] ReadMemory at 0x7ff822b50000 of 64 bytes failed: Only part of a ReadProcessMemory or WriteProcessMemory request was completed. (0x12B)
[1009/000624.782:WARNING:pe_image_reader.cc(340)] could not read dos header from C:\Windows\System32\RPCRT4.dll
[1009/000624.782:ERROR:process_memory_win.cc(73)] ReadMemory at 0x7fffe5b80000 of 64 bytes failed: Only part of a ReadProcessMemory or WriteProcessMemory request was completed. (0x12B)
[1009/000624.782:WARNING:pe_image_reader.cc(340)] could not read dos header from C:\Program Files (x86)\Google\Chrome\Application\85.0.4183.121\chrome.dll
[1009/000624.782:ERROR:process_memory_win.cc(73)] ReadMemory at 0x7ff822020000 of 64 bytes failed: Only part of a ReadProcessMemory or WriteProcessMemory request was completed. (0x12B)
[1009/000624.782:WARNING:pe_image_reader.cc(340)] could not read dos header from C:\Windows\System32\WS2_32.dll
[1009/000624.782:ERROR:process_memory_win.cc(73)] ReadMemory at 0x7ff821f00000 of 64 bytes failed: Only part of a ReadProcessMemory or WriteProcessMemory request was completed. (0x12B)
[1009/000624.782:WARNING:pe_image_reader.cc(340)] could not read dos header from C:\Windows\System32\OLEAUT32.dll
[1009/000624.782:ERROR:process_memory_win.cc(73)] ReadMemory at 0x7ff81f870000 of 64 bytes failed: Only part of a ReadProcessMemory or WriteProcessMemory request was completed. (0x12B)
[1009/000624.782:WARNING:pe_image_reader.cc(340)] could not read dos header from C:\Windows\System32\msvcp_win.dll
[1009/000624.782:ERROR:process_memory_win.cc(73)] ReadMemory at 0x7ff81f650000 of 64 bytes failed: Only part of a ReadProcessMemory or WriteProcessMemory request was completed. (0x12B)
[1009/000624.782:WARNING:pe_image_reader.cc(340)] could not read dos header from C:\Windows\System32\ucrtbase.dll
[1009/000624.782:ERROR:process_memory_win.cc(73)] ReadMemory at 0x7ff822170000 of 64 bytes failed: Only part of a ReadProcessMemory or WriteProcessMemory request was completed. (0x12B)
[1009/000624.782:WARNING:pe_image_reader.cc(340)] could not read dos header from C:\Windows\System32\combase.dll
[1009/000624.782:ERROR:process_memory_win.cc(73)] ReadMemory at 0x7ff81f980000 of 64 bytes failed: Only part of a ReadProcessMemory or WriteProcessMemory request was completed. (0x12B)
[1009/000624.782:WARNING:pe_image_reader.cc(340)] could not read dos header from C:\Windows\System32\WINTRUST.dll
[1009/000624.782:ERROR:process_memory_win.cc(73)] ReadMemory at 0x7ff81f410000 of 64 bytes failed: Only part of a ReadProcessMemory or WriteProcessMemory request was completed. (0x12B)
[1009/000624.782:WARNING:pe_image_reader.cc(340)] could not read dos header from C:\Windows\System32\MSASN1.dll
[1009/000624.782:ERROR:process_memory_win.cc(73)] ReadMemory at 0x7ff81f9e0000 of 64 bytes failed: Only part of a ReadProcessMemory or WriteProcessMemory request was completed. (0x12B)
[1009/000624.783:WARNING:pe_image_reader.cc(340)] could not read dos header from C:\Windows\System32\CRYPT32.dll
[1009/000624.783:ERROR:process_memory_win.cc(73)] ReadMemory at 0x7ff81eac0000 of 64 bytes failed: Only part of a ReadProcessMemory or WriteProcessMemory request was completed. (0x12B)
[1009/000624.783:WARNING:pe_image_reader.cc(340)] could not read dos header from C:\Windows\SYSTEM32\IPHLPAPI.DLL
[1009/000624.783:ERROR:process_memory_win.cc(73)] ReadMemory at 0x7ff81d7f0000 of 64 bytes failed: Only part of a ReadProcessMemory or WriteProcessMemory request was completed. (0x12B)
[1009/000624.783:WARNING:pe_image_reader.cc(340)] could not read dos header from C:\Windows\SYSTEM32\WINMM.dll
[1009/000624.783:ERROR:process_memory_win.cc(73)] ReadMemory at 0x7ff818880000 of 64 bytes failed: Only part of a ReadProcessMemory or WriteProcessMemory request was completed. (0x12B)
[1009/000624.783:WARNING:pe_image_reader.cc(340)] could not read dos header from C:\Windows\SYSTEM32\UIAutomationCore.DLL
[1009/000624.783:ERROR:process_memory_win.cc(73)] ReadMemory at 0x7ff80e920000 of 64 bytes failed: Only part of a ReadProcessMemory or WriteProcessMemory request was completed. (0x12B)
[1009/000624.783:WARNING:pe_image_reader.cc(340)] could not read dos header from C:\Windows\SYSTEM32\Secur32.dll
[1009/000624.783:ERROR:process_memory_win.cc(73)] ReadMemory at 0x7ff81f310000 of 64 bytes failed: Only part of a ReadProcessMemory or WriteProcessMemory request was completed. (0x12B)
[1009/000624.783:WARNING:pe_image_reader.cc(340)] could not read dos header from C:\Windows\SYSTEM32\USERENV.dll
[1009/000624.783:ERROR:process_memory_win.cc(73)] ReadMemory at 0x7ff81f4a0000 of 64 bytes failed: Only part of a ReadProcessMemory or WriteProcessMemory request was completed. (0x12B)
[1009/000624.783:WARNING:pe_image_reader.cc(340)] could not read dos header from C:\Windows\System32\profapi.dll
[1009/000624.783:ERROR:process_memory_win.cc(73)] ReadMemory at 0x7ff812f30000 of 64 bytes failed: Only part of a ReadProcessMemory or WriteProcessMemory request was completed. (0x12B)
[1009/000624.783:WARNING:pe_image_reader.cc(340)] could not read dos header from C:\Windows\SYSTEM32\DWrite.dll
[1009/000624.783:ERROR:process_memory_win.cc(73)] ReadMemory at 0x7ff80b880000 of 64 bytes failed: Only part of a ReadProcessMemory or WriteProcessMemory request was completed. (0x12B)
[1009/000624.783:WARNING:pe_image_reader.cc(340)] could not read dos header from C:\Windows\SYSTEM32\WINSPOOL.DRV
[1009/000624.783:ERROR:process_memory_win.cc(73)] ReadMemory at 0x7ff8101e0000 of 64 bytes failed: Only part of a ReadProcessMemory or WriteProcessMemory request was completed. (0x12B)
[1009/000624.783:WARNING:pe_image_reader.cc(340)] could not read dos header from C:\Windows\SYSTEM32\dbghelp.dll
[1009/000624.783:ERROR:process_memory_win.cc(73)] ReadMemory at 0x7ff812910000 of 64 bytes failed: Only part of a ReadProcessMemory or WriteProcessMemory request was completed. (0x12B)
[1009/000624.783:WARNING:pe_image_reader.cc(340)] could not read dos header from C:\Windows\SYSTEM32\WINHTTP.dll
[1009/000624.783:ERROR:process_memory_win.cc(73)] ReadMemory at 0x7ff814950000 of 64 bytes failed: Only part of a ReadProcessMemory or WriteProcessMemory request was completed. (0x12B)
[1009/000624.783:WARNING:pe_image_reader.cc(340)] could not read dos header from C:\Windows\SYSTEM32\dhcpcsvc.DLL
[1009/000624.783:ERROR:process_memory_win.cc(73)] ReadMemory at 0x7ff821cd0000 of 64 bytes failed: Only part of a ReadProcessMemory or WriteProcessMemory request was completed. (0x12B)
[1009/000624.783:WARNING:pe_image_reader.cc(340)] could not read dos header from C:\Windows\System32\NSI.dll
[1009/000624.783:ERROR:process_memory_win.cc(73)] ReadMemory at 0x7ff81d790000 of 64 bytes failed: Only part of a ReadProcessMemory or WriteProcessMemory request was completed. (0x12B)
[1009/000624.783:WARNING:pe_image_reader.cc(340)] could not read dos header from C:\Windows\SYSTEM32\WINMMBASE.dll
[1009/000624.783:ERROR:process_memory_win.cc(73)] ReadMemory at 0x7ff81f910000 of 64 bytes failed: Only part of a ReadProcessMemory or WriteProcessMemory request was completed. (0x12B)
[1009/000624.783:WARNING:pe_image_reader.cc(340)] could not read dos header from C:\Windows\System32\cfgmgr32.dll
[1009/000624.784:ERROR:process_memory_win.cc(73)] ReadMemory at 0x7ff81efd0000 of 64 bytes failed: Only part of a ReadProcessMemory or WriteProcessMemory request was completed. (0x12B)
[1009/000624.784:WARNING:pe_image_reader.cc(340)] could not read dos header from C:\Windows\SYSTEM32\bcrypt.dll
[1009/000624.784:ERROR:process_memory_win.cc(73)] ReadMemory at 0x7ff81f340000 of 64 bytes failed: Only part of a ReadProcessMemory or WriteProcessMemory request was completed. (0x12B)
[1009/000624.784:WARNING:pe_image_reader.cc(340)] could not read dos header from C:\Windows\SYSTEM32\SSPICLI.DLL
[1009/000624.784:ERROR:process_memory_win.cc(73)] ReadMemory at 0x7ff81eee0000 of 64 bytes failed: Only part of a ReadProcessMemory or WriteProcessMemory request was completed. (0x12B)
[1009/000624.784:WARNING:pe_image_reader.cc(340)] could not read dos header from C:\Windows\SYSTEM32\CRYPTBASE.DLL
[1009/000624.925:ERROR:process_memory_win.cc(73)] ReadMemory at 0x6c7e9da000 of 155648 bytes failed: Only part of a ReadProcessMemory or WriteProcessMemory request was completed. (0x12B)
[1009/000624.926:ERROR:process_memory_win.cc(73)] ReadMemory at 0x6c7f1fd000 of 12288 bytes failed: Only part of a ReadProcessMemory or WriteProcessMemory request was completed. (0x12B)
[1009/000624.926:ERROR:process_memory_win.cc(73)] ReadMemory at 0x6c007fc000 of 16384 bytes failed: Only part of a ReadProcessMemory or WriteProcessMemory request was completed. (0x12B)
[1009/000624.926:ERROR:process_memory_win.cc(73)] ReadMemory at 0x6c00ffc000 of 16384 bytes failed: Only part of a ReadProcessMemory or WriteProcessMemory request was completed. (0x12B)
[1009/000624.926:ERROR:process_memory_win.cc(73)] ReadMemory at 0x6c017fe000 of 8192 bytes failed: Only part of a ReadProcessMemory or WriteProcessMemory request was completed. (0x12B)
[1009/000624.926:ERROR:process_memory_win.cc(73)] ReadMemory at 0x6c01ffc000 of 16384 bytes failed: Only part of a ReadProcessMemory or WriteProcessMemory request was completed. (0x12B)
[1009/000624.926:ERROR:process_memory_win.cc(73)] ReadMemory at 0x6c027fc000 of 16384 bytes failed: Only part of a ReadProcessMemory or WriteProcessMemory request was completed. (0x12B)
[1009/000624.926:ERROR:process_memory_win.cc(73)] ReadMemory at 0x6c02ffb000 of 20480 bytes failed: Only part of a ReadProcessMemory or WriteProcessMemory request was completed. (0x12B)
[1009/000624.926:ERROR:process_memory_win.cc(73)] ReadMemory at 0x6c037fa000 of 24576 bytes failed: Only part of a ReadProcessMemory or WriteProcessMemory request was completed. (0x12B)
[1009/000624.926:ERROR:process_memory_win.cc(73)] ReadMemory at 0x6c03ffb000 of 20480 bytes failed: Only part of a ReadProcessMemory or WriteProcessMemory request was completed. (0x12B)
[1009/000624.926:ERROR:process_memory_win.cc(73)] ReadMemory at 0x6c06ffc000 of 16384 bytes failed: Only part of a ReadProcessMemory or WriteProcessMemory request was completed. (0x12B)
[1009/000624.926:ERROR:process_memory_win.cc(73)] ReadMemory at 0x6c077ee000 of 73728 bytes failed: Only part of a ReadProcessMemory or WriteProcessMemory request was completed. (0x12B)
[1009/000624.926:ERROR:process_memory_win.cc(73)] ReadMemory at 0x6c08ffd000 of 12288 bytes failed: Only part of a ReadProcessMemory or WriteProcessMemory request was completed. (0x12B)
[1009/000624.927:ERROR:process_memory_win.cc(73)] ReadMemory at 0x6c247fc000 of 16384 bytes failed: Only part of a ReadProcessMemory or WriteProcessMemory request was completed. (0x12B)
[1009/000624.927:ERROR:process_memory_win.cc(73)] ReadMemory at 0x6c26fff000 of 4096 bytes failed: Only part of a ReadProcessMemory or WriteProcessMemory request was completed. (0x12B)
[1009/000624.927:ERROR:process_memory_win.cc(73)] ReadMemory at 0x6c7e022000 of 852 bytes failed: Only part of a ReadProcessMemory or WriteProcessMemory request was completed. (0x12B)
[1009/000624.927:ERROR:process_memory_win.cc(73)] ReadMemory at 0x6c7e023000 of 6024 bytes failed: Only part of a ReadProcessMemory or WriteProcessMemory request was completed. (0x12B)
[1009/000624.927:ERROR:process_memory_win.cc(73)] ReadMemory at 0x6c7e025000 of 6024 bytes failed: Only part of a ReadProcessMemory or WriteProcessMemory request was completed. (0x12B)
[1009/000624.927:ERROR:process_memory_win.cc(73)] ReadMemory at 0x6c7e029000 of 6024 bytes failed: Only part of a ReadProcessMemory or WriteProcessMemory request was completed. (0x12B)
[1009/000624.927:ERROR:process_memory_win.cc(73)] ReadMemory at 0x6c7e02b000 of 6024 bytes failed: Only part of a ReadProcessMemory or WriteProcessMemory request was completed. (0x12B)
[1009/000624.927:ERROR:process_memory_win.cc(73)] ReadMemory at 0x6c7e02d000 of 6024 bytes failed: Only part of a ReadProcessMemory or WriteProcessMemory request was completed. (0x12B)
[1009/000624.927:ERROR:process_memory_win.cc(73)] ReadMemory at 0x6c7e02f000 of 6024 bytes failed: Only part of a ReadProcessMemory or WriteProcessMemory request was completed. (0x12B)
[1009/000624.927:ERROR:process_memory_win.cc(73)] ReadMemory at 0x6c7e031000 of 6024 bytes failed: Only part of a ReadProcessMemory or WriteProcessMemory request was completed. (0x12B)
[1009/000624.927:ERROR:process_memory_win.cc(73)] ReadMemory at 0x6c7e033000 of 6024 bytes failed: Only part of a ReadProcessMemory or WriteProcessMemory request was completed. (0x12B)
[1009/000624.927:ERROR:process_memory_win.cc(73)] ReadMemory at 0x6c7e035000 of 6024 bytes failed: Only part of a ReadProcessMemory or WriteProcessMemory request was completed. (0x12B)
[1009/000624.928:ERROR:process_memory_win.cc(73)] ReadMemory at 0x6c7e037000 of 6024 bytes failed: Only part of a ReadProcessMemory or WriteProcessMemory request was completed. (0x12B)
[1009/000624.928:ERROR:process_memory_win.cc(73)] ReadMemory at 0x6c7e043000 of 6024 bytes failed: Only part of a ReadProcessMemory or WriteProcessMemory request was completed. (0x12B)
[1009/000624.928:ERROR:process_memory_win.cc(73)] ReadMemory at 0x6c7e045000 of 6024 bytes failed: Only part of a ReadProcessMemory or WriteProcessMemory request was completed. (0x12B)
[1009/000624.928:ERROR:process_memory_win.cc(73)] ReadMemory at 0x6c7e04b000 of 6024 bytes failed: Only part of a ReadProcessMemory or WriteProcessMemory request was completed. (0x12B)
[1009/000624.928:ERROR:process_memory_win.cc(73)] ReadMemory at 0x6c7e0b9000 of 6024 bytes failed: Only part of a ReadProcessMemory or WriteProcessMemory request was completed. (0x12B)
[1009/000624.928:ERROR:process_memory_win.cc(73)] ReadMemory at 0x6c7e0c3000 of 6024 bytes failed: Only part of a ReadProcessMemory or WriteProcessMemory request was completed. (0x12B)
[1009/000624.928:ERROR:process_memory_win.cc(73)] ReadMemory at 0x1b080121420 of 512 bytes failed: Only part of a ReadProcessMemory or WriteProcessMemory request was completed. (0x12B)
[1009/000624.928:ERROR:process_memory_win.cc(73)] ReadMemory at 0x1b08188a2d0 of 512 bytes failed: Only part of a ReadProcessMemory or WriteProcessMemory request was completed. (0x12B)
[1009/000624.928:ERROR:process_memory_win.cc(73)] ReadMemory at 0x1b08188e290 of 512 bytes failed: Only part of a ReadProcessMemory or WriteProcessMemory request was completed. (0x12B)
[1009/000624.928:ERROR:process_memory_win.cc(73)] ReadMemory at 0x1b081f714a0 of 512 bytes failed: Only part of a ReadProcessMemory or WriteProcessMemory request was completed. (0x12B)
[1009/000624.928:ERROR:process_memory_win.cc(73)] ReadMemory at 0x1b081f7c020 of 512 bytes failed: Only part of a ReadProcessMemory or WriteProcessMemory request was completed. (0x12B)
[1009/000624.928:ERROR:process_memory_win.cc(73)] ReadMemory at 0x1b0846e9290 of 512 bytes failed: Only part of a ReadProcessMemory or WriteProcessMemory request was completed. (0x12B)
[1009/000624.928:ERROR:process_memory_win.cc(73)] ReadMemory at 0x1b084b2a9b0 of 512 bytes failed: Only part of a ReadProcessMemory or WriteProcessMemory request was completed. (0x12B)
[1009/000624.929:ERROR:process_memory_win.cc(73)] ReadMemory at 0x1b085636a50 of 512 bytes failed: Only part of a ReadProcessMemory or WriteProcessMemory request was completed. (0x12B)
[1009/000624.929:ERROR:process_memory_win.cc(73)] ReadMemory at 0x1b085b51ce0 of 512 bytes failed: Only part of a ReadProcessMemory or WriteProcessMemory request was completed. (0x12B)
[1009/000624.929:ERROR:process_memory_win.cc(73)] ReadMemory at 0x1b085ba6740 of 512 bytes failed: Only part of a ReadProcessMemory or WriteProcessMemory request was completed. (0x12B)
[1009/000624.929:ERROR:process_memory_win.cc(73)] ReadMemory at 0x1b085bb1c10 of 512 bytes failed: Only part of a ReadProcessMemory or WriteProcessMemory request was completed. (0x12B)
[1009/000624.929:ERROR:process_memory_win.cc(73)] ReadMemory at 0x1b085e70b60 of 512 bytes failed: Only part of a ReadProcessMemory or WriteProcessMemory request was completed. (0x12B)
[1009/000624.929:ERROR:process_memory_win.cc(73)] ReadMemory at 0x1b085f1da20 of 512 bytes failed: Only part of a ReadProcessMemory or WriteProcessMemory request was completed. (0x12B)
[1009/000624.929:ERROR:process_memory_win.cc(73)] ReadMemory at 0x1b085f1df50 of 512 bytes failed: Only part of a ReadProcessMemory or WriteProcessMemory request was completed. (0x12B)
[1009/000624.929:ERROR:process_memory_win.cc(73)] ReadMemory at 0x1b08618cbc0 of 512 bytes failed: Only part of a ReadProcessMemory or WriteProcessMemory request was completed. (0x12B)
[1009/000624.929:ERROR:process_memory_win.cc(73)] ReadMemory at 0x1b0865d9cf0 of 512 bytes failed: Only part of a ReadProcessMemory or WriteProcessMemory request was completed. (0x12B)
[1009/000624.929:ERROR:process_memory_win.cc(73)] ReadMemory at 0x1b086701dc0 of 512 bytes failed: Only part of a ReadProcessMemory or WriteProcessMemory request was completed. (0x12B)
[1009/000624.929:ERROR:process_memory_win.cc(73)] ReadMemory at 0x1b08e519810 of 512 bytes failed: Only part of a ReadProcessMemory or WriteProcessMemory request was completed. (0x12B)
[1009/000624.929:ERROR:process_memory_win.cc(73)] ReadMemory at 0x1b08e708740 of 512 bytes failed: Only part of a ReadProcessMemory or WriteProcessMemory request was completed. (0x12B)
[1009/000624.929:ERROR:process_memory_win.cc(73)] ReadMemory at 0x1b0d62d0fc0 of 21172 bytes failed: Only part of a ReadProcessMemory or WriteProcessMemory request was completed. (0x12B)
[1009/000624.929:ERROR:process_memory_win.cc(73)] ReadMemory at 0x1b0d62d6280 of 1012 bytes failed: Only part of a ReadProcessMemory or WriteProcessMemory request was completed. (0x12B)
[1009/000624.929:ERROR:process_memory_win.cc(73)] ReadMemory at 0x1b0d62d6898 of 118 bytes failed: Only part of a ReadProcessMemory or WriteProcessMemory request was completed. (0x12B)
[1009/000624.929:ERROR:process_memory_win.cc(73)] ReadMemory at 0x1b0d62d6910 of 678 bytes failed: Only part of a ReadProcessMemory or WriteProcessMemory request was completed. (0x12B)
[1009/000624.929:ERROR:process_memory_win.cc(73)] ReadMemory at 0x1b0d62d6bb8 of 118 bytes failed: Only part of a ReadProcessMemory or WriteProcessMemory request was completed. (0x12B)
[1009/000624.930:ERROR:process_memory_win.cc(73)] ReadMemory at 0x1b0d62d6c30 of 102 bytes failed: Only part of a ReadProcessMemory or WriteProcessMemory request was completed. (0x12B)
[1009/000624.930:ERROR:process_memory_win.cc(73)] ReadMemory at 0x1b0d62d6cb0 of 58 bytes failed: Only part of a ReadProcessMemory or WriteProcessMemory request was completed. (0x12B)
[1009/000624.930:ERROR:process_memory_win.cc(73)] ReadMemory at 0x1b0d62d6db0 of 132 bytes failed: Only part of a ReadProcessMemory or WriteProcessMemory request was completed. (0x12B)
[1009/000624.930:ERROR:process_memory_win.cc(73)] ReadMemory at 0x1b0d62d6f40 of 132 bytes failed: Only part of a ReadProcessMemory or WriteProcessMemory request was completed. (0x12B)
[1009/000624.930:ERROR:process_memory_win.cc(73)] ReadMemory at 0x1b0d62d7100 of 126 bytes failed: Only part of a ReadProcessMemory or WriteProcessMemory request was completed. (0x12B)
[1009/000624.930:ERROR:process_memory_win.cc(73)] ReadMemory at 0x1b0d62d74c0 of 132 bytes failed: Only part of a ReadProcessMemory or WriteProcessMemory request was completed. (0x12B)
[1009/000624.930:ERROR:process_memory_win.cc(73)] ReadMemory at 0x1b0d62d7650 of 64 bytes failed: Only part of a ReadProcessMemory or WriteProcessMemory request was completed. (0x12B)
[1009/000624.930:ERROR:process_memory_win.cc(73)] ReadMemory at 0x1b0d62d79d0 of 132 bytes failed: Only part of a ReadProcessMemory or WriteProcessMemory request was completed. (0x12B)
[1009/000624.930:ERROR:process_memory_win.cc(73)] ReadMemory at 0x1b0d62d7b60 of 68 bytes failed: Only part of a ReadProcessMemory or WriteProcessMemory request was completed. (0x12B)
[1009/000624.930:ERROR:process_memory_win.cc(73)] ReadMemory at 0x1b0d62d88f0 of 132 bytes failed: Only part of a ReadProcessMemory or WriteProcessMemory request was completed. (0x12B)
[1009/000624.930:ERROR:process_memory_win.cc(73)] ReadMemory at 0x1b0d62d8ae0 of 132 bytes failed: Only part of a ReadProcessMemory or WriteProcessMemory request was completed. (0x12B)
[1009/000624.930:ERROR:process_memory_win.cc(73)] ReadMemory at 0x1b0d62d8c10 of 154 bytes failed: Only part of a ReadProcessMemory or WriteProcessMemory request was completed. (0x12B)
[1009/000624.930:ERROR:process_memory_win.cc(73)] ReadMemory at 0x1b0d62d9a20 of 62 bytes failed: Only part of a ReadProcessMemory or WriteProcessMemory request was completed. (0x12B)
[1009/000624.930:ERROR:process_memory_win.cc(73)] ReadMemory at 0x1b0d62d9b30 of 132 bytes failed: Only part of a ReadProcessMemory or WriteProcessMemory request was completed. (0x12B)
[1009/000624.930:ERROR:process_memory_win.cc(73)] ReadMemory at 0x1b0d62d9cc0 of 60 bytes failed: Only part of a ReadProcessMemory or WriteProcessMemory request was completed. (0x12B)
[1009/000624.931:ERROR:process_memory_win.cc(73)] ReadMemory at 0x1b0d62ea020 of 62 bytes failed: Only part of a ReadProcessMemory or WriteProcessMemory request was completed. (0x12B)
[1009/000625.037:ERROR:process_memory_win.cc(73)] ReadMemory at 0x1b0d62ea0c0 of 60 bytes failed: Only part of a ReadProcessMemory or WriteProcessMemory request was completed. (0x12B)
[1009/000625.200:ERROR:process_memory_win.cc(73)] ReadMemory at 0x1b0d62ea110 of 62 bytes failed: Only part of a ReadProcessMemory or WriteProcessMemory request was completed. (0x12B)
[1009/000625.200:ERROR:process_memory_win.cc(73)] ReadMemory at 0x1b0d62ea200 of 64 bytes failed: Only part of a ReadProcessMemory or WriteProcessMemory request was completed. (0x12B)
[1009/000625.200:ERROR:process_memory_win.cc(73)] ReadMemory at 0x1b0d62ea2f0 of 64 bytes failed: Only part of a ReadProcessMemory or WriteProcessMemory request was completed. (0x12B)
[1009/000625.200:ERROR:process_memory_win.cc(73)] ReadMemory at 0x1b0d62ea430 of 62 bytes failed: Only part of a ReadProcessMemory or WriteProcessMemory request was completed. (0x12B)
[1009/000625.200:ERROR:process_memory_win.cc(73)] ReadMemory at 0x1b0d62ea520 of 62 bytes failed: Only part of a ReadProcessMemory or WriteProcessMemory request was completed. (0x12B)
[1009/000625.200:ERROR:process_memory_win.cc(73)] ReadMemory at 0x1b0d62ea700 of 60 bytes failed: Only part of a ReadProcessMemory or WriteProcessMemory request was completed. (0x12B)
[1009/000625.200:ERROR:process_memory_win.cc(73)] ReadMemory at 0x1b0d62ea7a0 of 60 bytes failed: Only part of a ReadProcessMemory or WriteProcessMemory request was completed. (0x12B)
[1009/000625.200:ERROR:process_memory_win.cc(73)] ReadMemory at 0x1b0d62ea840 of 64 bytes failed: Only part of a ReadProcessMemory or WriteProcessMemory request was completed. (0x12B)
[1009/000625.239:ERROR:process_memory_win.cc(73)] ReadMemory at 0x1b0d62ea8e0 of 64 bytes failed: Only part of a ReadProcessMemory or WriteProcessMemory request was completed. (0x12B)
[1009/000625.240:ERROR:process_memory_win.cc(73)] ReadMemory at 0x1b0d62ea930 of 66 bytes failed: Only part of a ReadProcessMemory or WriteProcessMemory request was completed. (0x12B)
[1009/000625.240:ERROR:process_memory_win.cc(73)] ReadMemory at 0x1b0d62ea980 of 62 bytes failed: Only part of a ReadProcessMemory or WriteProcessMemory request was completed. (0x12B)
[1009/000625.240:ERROR:process_memory_win.cc(73)] ReadMemory at 0x1b0d62ea9d0 of 64 bytes failed: Only part of a ReadProcessMemory or WriteProcessMemory request was completed. (0x12B)
[1009/000625.240:ERROR:process_memory_win.cc(73)] ReadMemory at 0x1b0d62eaac0 of 58 bytes failed: Only part of a ReadProcessMemory or WriteProcessMemory request was completed. (0x12B)
[1009/000625.240:ERROR:process_memory_win.cc(73)] ReadMemory at 0x1b0d62eac50 of 62 bytes failed: Only part of a ReadProcessMemory or WriteProcessMemory request was completed. (0x12B)
[1009/000625.240:ERROR:process_memory_win.cc(73)] ReadMemory at 0x1b0d62ead90 of 62 bytes failed: Only part of a ReadProcessMemory or WriteProcessMemory request was completed. (0x12B)
[1009/000625.240:ERROR:process_memory_win.cc(73)] ReadMemory at 0x1b0d62eae80 of 62 bytes failed: Only part of a ReadProcessMemory or WriteProcessMemory request was completed. (0x12B)
[1009/000625.240:ERROR:process_memory_win.cc(73)] ReadMemory at 0x1b0d62eaed0 of 60 bytes failed: Only part of a ReadProcessMemory or WriteProcessMemory request was completed. (0x12B)
[1009/000625.240:ERROR:process_memory_win.cc(73)] ReadMemory at 0x1b0d62eaf20 of 64 bytes failed: Only part of a ReadProcessMemory or WriteProcessMemory request was completed. (0x12B)
[1009/000625.240:ERROR:process_memory_win.cc(73)] ReadMemory at 0x1b0d62eaf70 of 64 bytes failed: Only part of a ReadProcessMemory or WriteProcessMemory request was completed. (0x12B)
[1009/000625.240:ERROR:process_memory_win.cc(73)] ReadMemory at 0x1b0d62ed270 of 80 bytes failed: Only part of a ReadProcessMemory or WriteProcessMemory request was completed. (0x12B)
[1009/000625.240:ERROR:process_memory_win.cc(73)] ReadMemory at 0x1b0d62efd70 of 132 bytes failed: Only part of a ReadProcessMemory or WriteProcessMemory request was completed. (0x12B)
[1009/000625.240:ERROR:process_memory_win.cc(73)] ReadMemory at 0x1b0d62efea0 of 132 bytes failed: Only part of a ReadProcessMemory or WriteProcessMemory request was completed. (0x12B)
[1009/000625.240:ERROR:process_memory_win.cc(73)] ReadMemory at 0x1b0d62f02e0 of 132 bytes failed: Only part of a ReadProcessMemory or WriteProcessMemory request was completed. (0x12B)
[1009/000625.240:ERROR:process_memory_win.cc(73)] ReadMemory at 0x1b0d62f0ad0 of 132 bytes failed: Only part of a ReadProcessMemory or WriteProcessMemory request was completed. (0x12B)
[1009/000625.241:ERROR:process_memory_win.cc(73)] ReadMemory at 0x1b0d62f1c60 of 132 bytes failed: Only part of a ReadProcessMemory or WriteProcessMemory request was completed. (0x12B)
[1009/000625.241:ERROR:process_memory_win.cc(73)] ReadMemory at 0x1b0d62f1d90 of 132 bytes failed: Only part of a ReadProcessMemory or WriteProcessMemory request was completed. (0x12B)
[1009/000625.241:ERROR:process_memory_win.cc(73)] ReadMemory at 0x1b0d62f1ec0 of 132 bytes failed: Only part of a ReadProcessMemory or WriteProcessMemory request was completed. (0x12B)
[1009/000625.241:ERROR:process_memory_win.cc(73)] ReadMemory at 0x1b0d62f2250 of 132 bytes failed: Only part of a ReadProcessMemory or WriteProcessMemory request was completed. (0x12B)
[1009/000625.241:ERROR:process_memory_win.cc(73)] ReadMemory at 0x1b0d62f2380 of 132 bytes failed: Only part of a ReadProcessMemory or WriteProcessMemory request was completed. (0x12B)
[1009/000625.241:ERROR:process_memory_win.cc(73)] ReadMemory at 0x1b0d62f24b0 of 132 bytes failed: Only part of a ReadProcessMemory or WriteProcessMemory request was completed. (0x12B)
[1009/000625.241:ERROR:process_memory_win.cc(73)] ReadMemory at 0x1b0d62f25e0 of 132 bytes failed: Only part of a ReadProcessMemory or WriteProcessMemory request was completed. (0x12B)
[1009/000625.241:ERROR:process_memory_win.cc(73)] ReadMemory at 0x1b0d62f2840 of 132 bytes failed: Only part of a ReadProcessMemory or WriteProcessMemory request was completed. (0x12B)
[1009/000625.241:ERROR:process_memory_win.cc(73)] ReadMemory at 0x1b0d62f2bd0 of 132 bytes failed: Only part of a ReadProcessMemory or WriteProcessMemory request was completed. (0x12B)
[1009/000625.241:ERROR:process_memory_win.cc(73)] ReadMemory at 0x1b0d62f2e30 of 132 bytes failed: Only part of a ReadProcessMemory or WriteProcessMemory request was completed. (0x12B)
[1009/000625.241:ERROR:process_memory_win.cc(73)] ReadMemory at 0x1b0d62f2f60 of 132 bytes failed: Only part of a ReadProcessMemory or WriteProcessMemory request was completed. (0x12B)
[1009/000625.241:ERROR:process_memory_win.cc(73)] ReadMemory at 0x1b0d62f3090 of 132 bytes failed: Only part of a ReadProcessMemory or WriteProcessMemory request was completed. (0x12B)
[1009/000625.241:ERROR:process_memory_win.cc(73)] ReadMemory at 0x1b0d62f3680 of 132 bytes failed: Only part of a ReadProcessMemory or WriteProcessMemory request was completed. (0x12B)
[1009/000625.241:ERROR:process_memory_win.cc(73)] ReadMemory at 0x1b0d62f3a10 of 132 bytes failed: Only part of a ReadProcessMemory or WriteProcessMemory request was completed. (0x12B)
[1009/000625.241:ERROR:process_memory_win.cc(73)] ReadMemory at 0x1b0d62f7990 of 54 bytes failed: Only part of a ReadProcessMemory or WriteProcessMemory request was completed. (0x12B)
[1009/000625.241:ERROR:process_memory_win.cc(73)] ReadMemory at 0x1b0d62f90a0 of 132 bytes failed: Only part of a ReadProcessMemory or WriteProcessMemory request was completed. (0x12B)
[1009/000625.241:ERROR:process_memory_win.cc(73)] ReadMemory at 0x1b0d62f9520 of 132 bytes failed: Only part of a ReadProcessMemory or WriteProcessMemory request was completed. (0x12B)
[1009/000625.242:ERROR:process_memory_win.cc(73)] ReadMemory at 0x1b0d62f9720 of 132 bytes failed: Only part of a ReadProcessMemory or WriteProcessMemory request was completed. (0x12B)
[1009/000625.242:ERROR:process_memory_win.cc(73)] ReadMemory at 0x1b0d62fb150 of 132 bytes failed: Only part of a ReadProcessMemory or WriteProcessMemory request was completed. (0x12B)
[1009/000625.242:ERROR:process_memory_win.cc(73)] ReadMemory at 0x1b0d62fb280 of 146 bytes failed: Only part of a ReadProcessMemory or WriteProcessMemory request was completed. (0x12B)
[1009/000625.242:ERROR:process_memory_win.cc(73)] ReadMemory at 0x1b0d62fd800 of 80 bytes failed: Only part of a ReadProcessMemory or WriteProcessMemory request was completed. (0x12B)
[1009/000625.242:ERROR:process_memory_win.cc(73)] ReadMemory at 0x1b0d62fe430 of 132 bytes failed: Only part of a ReadProcessMemory or WriteProcessMemory request was completed. (0x12B)
[1009/000625.242:ERROR:process_memory_win.cc(73)] ReadMemory at 0x1b0d62fe560 of 132 bytes failed: Only part of a ReadProcessMemory or WriteProcessMemory request was completed. (0x12B)
[1009/000625.302:ERROR:process_memory_win.cc(73)] ReadMemory at 0x1b0d62fe690 of 132 bytes failed: Only part of a ReadProcessMemory or WriteProcessMemory request was completed. (0x12B)
[1009/000625.302:ERROR:process_memory_win.cc(73)] ReadMemory at 0x1b0d62fe7c0 of 132 bytes failed: Only part of a ReadProcessMemory or WriteProcessMemory request was completed. (0x12B)
[1009/000625.302:ERROR:process_memory_win.cc(73)] ReadMemory at 0x1b0d62fe8f0 of 132 bytes failed: Only part of a ReadProcessMemory or WriteProcessMemory request was completed. (0x12B)
[1009/000625.302:ERROR:process_memory_win.cc(73)] ReadMemory at 0x1b0d62fea20 of 132 bytes failed: Only part of a ReadProcessMemory or WriteProcessMemory request was completed. (0x12B)
[1009/000625.302:ERROR:process_memory_win.cc(73)] ReadMemory at 0x1b0d62febf0 of 132 bytes failed: Only part of a ReadProcessMemory or WriteProcessMemory request was completed. (0x12B)
[1009/000625.302:ERROR:process_memory_win.cc(73)] ReadMemory at 0x1b0d6300a00 of 512 bytes failed: Only part of a ReadProcessMemory or WriteProcessMemory request was completed. (0x12B)
[1009/000625.302:ERROR:process_memory_win.cc(73)] ReadMemory at 0x1b0d6303960 of 66 bytes failed: Only part of a ReadProcessMemory or WriteProcessMemory request was completed. (0x12B)
[1009/000625.302:ERROR:process_memory_win.cc(73)] ReadMemory at 0x1b0d6303cd0 of 60 bytes failed: Only part of a ReadProcessMemory or WriteProcessMemory request was completed. (0x12B)
[1009/000625.302:ERROR:process_memory_win.cc(73)] ReadMemory at 0x1b0d6303ff0 of 64 bytes failed: Only part of a ReadProcessMemory or WriteProcessMemory request was completed. (0x12B)
[1009/000625.303:ERROR:process_memory_win.cc(73)] ReadMemory at 0x1b0d6304360 of 62 bytes failed: Only part of a ReadProcessMemory or WriteProcessMemory request was completed. (0x12B)
[1009/000625.303:ERROR:process_memory_win.cc(73)] ReadMemory at 0x1b0d6348230 of 512 bytes failed: Only part of a ReadProcessMemory or WriteProcessMemory request was completed. (0x12B)
[1009/000625.303:ERROR:process_memory_win.cc(73)] ReadMemory at 0x1b0d6366fe0 of 512 bytes failed: Only part of a ReadProcessMemory or WriteProcessMemory request was completed. (0x12B)
[1009/000625.303:ERROR:process_memory_win.cc(73)] ReadMemory at 0x1b0d6370480 of 512 bytes failed: Only part of a ReadProcessMemory or WriteProcessMemory request was completed. (0x12B)
[1009/000625.303:ERROR:process_memory_win.cc(73)] ReadMemory at 0x1b0d6370e50 of 512 bytes failed: Only part of a ReadProcessMemory or WriteProcessMemory request was completed. (0x12B)
[1009/000625.303:ERROR:process_memory_win.cc(73)] ReadMemory at 0x1b0d6378c00 of 712 bytes failed: Only part of a ReadProcessMemory or WriteProcessMemory request was completed. (0x12B)
[1009/000625.370:ERROR:process_memory_win.cc(73)] ReadMemory at 0x1b0d637b190 of 512 bytes failed: Only part of a ReadProcessMemory or WriteProcessMemory request was completed. (0x12B)
[1009/000625.371:ERROR:process_memory_win.cc(73)] ReadMemory at 0x1b0d63b19e0 of 512 bytes failed: Only part of a ReadProcessMemory or WriteProcessMemory request was completed. (0x12B)
[1009/000625.371:ERROR:process_memory_win.cc(73)] ReadMemory at 0x1b0d63b3ea0 of 512 bytes failed: Only part of a ReadProcessMemory or WriteProcessMemory request was completed. (0x12B)
[1009/000625.371:ERROR:process_memory_win.cc(73)] ReadMemory at 0x49d858b9880 of 512 bytes failed: Only part of a ReadProcessMemory or WriteProcessMemory request was completed. (0x12B)
[1009/000625.371:ERROR:process_memory_win.cc(73)] ReadMemory at 0x163ba66763d0 of 512 bytes failed: Only part of a ReadProcessMemory or WriteProcessMemory request was completed. (0x12B)
[1009/000625.371:ERROR:process_memory_win.cc(73)] ReadMemory at 0x4284282541c0 of 512 bytes failed: Only part of a ReadProcessMemory or WriteProcessMemory request was completed. (0x12B)
[1009/000625.371:ERROR:process_memory_win.cc(73)] ReadMemory at 0x5c42b3c0c190 of 512 bytes failed: Only part of a ReadProcessMemory or WriteProcessMemory request was completed. (0x12B)
[1009/000625.371:ERROR:process_memory_win.cc(73)] ReadMemory at 0x5c42b3c0cf50 of 512 bytes failed: Only part of a ReadProcessMemory or WriteProcessMemory request was completed. (0x12B)
[1009/000625.384:ERROR:process_memory_win.cc(73)] ReadMemory at 0x7ff8124c5160 of 512 bytes failed: Only part of a ReadProcessMemory or WriteProcessMemory request was completed. (0x12B)
[1009/000625.384:ERROR:process_memory_win.cc(73)] ReadMemory at 0x7ff8124c5867 of 512 bytes failed: Only part of a ReadProcessMemory or WriteProcessMemory request was completed. (0x12B)
[1009/000625.384:ERROR:process_memory_win.cc(73)] ReadMemory at 0x7ff8205f2070 of 512 bytes failed: Only part of a ReadProcessMemory or WriteProcessMemory request was completed. (0x12B)
[1009/000625.384:ERROR:process_memory_win.cc(73)] ReadMemory at 0x7ff822fe1250 of 512 bytes failed: Only part of a ReadProcessMemory or WriteProcessMemory request was completed. (0x12B)
[1009/000625.384:ERROR:process_memory_win.cc(73)] ReadMemory at 0x7ff822fe29e0 of 512 bytes failed: Only part of a ReadProcessMemory or WriteProcessMemory request was completed. (0x12B)
[1009/000625.384:ERROR:process_memory_win.cc(73)] ReadMemory at 0x7ff822fe2e80 of 512 bytes failed: Only part of a ReadProcessMemory or WriteProcessMemory request was completed. (0x12B)
[1009/000625.384:ERROR:process_memory_win.cc(73)] ReadMemory at 0x7ff8230453b4 of 672 bytes failed: Only part of a ReadProcessMemory or WriteProcessMemory request was completed. (0x12B)
[1009/000625.384:ERROR:process_memory_win.cc(73)] ReadMemory at 0x7ff823048b64 of 608 bytes failed: Only part of a ReadProcessMemory or WriteProcessMemory request was completed. (0x12B)
[1009/000625.384:ERROR:process_memory_win.cc(73)] ReadMemory at 0x7ff8230c38e0 of 18 bytes failed: Only part of a ReadProcessMemory or WriteProcessMemory request was completed. (0x12B)
[1009/000625.384:ERROR:process_memory_win.cc(73)] ReadMemory at 0x7ff8230f55a8 of 40 bytes failed: Only part of a ReadProcessMemory or WriteProcessMemory request was completed. (0x12B)
[1009/000625.384:ERROR:process_memory_win.cc(73)] ReadMemory at 0x7ff8230f59a8 of 48 bytes failed: Only part of a ReadProcessMemory or WriteProcessMemory request was completed. (0x12B)
[1009/000625.385:ERROR:process_memory_win.cc(73)] ReadMemory at 0x7ff8230fb340 of 64 bytes failed: Only part of a ReadProcessMemory or WriteProcessMemory request was completed. (0x12B)
[1009/000625.385:ERROR:process_memory_win.cc(73)] ReadMemory at 0x7fffe5b87be9 of 512 bytes failed: Only part of a ReadProcessMemory or WriteProcessMemory request was completed. (0x12B)
[1009/000625.385:ERROR:process_memory_win.cc(73)] ReadMemory at 0x7fffe5bf6cd0 of 512 bytes failed: Only part of a ReadProcessMemory or WriteProcessMemory request was completed. (0x12B)
[1009/000625.385:ERROR:process_memory_win.cc(73)] ReadMemory at 0x7fffe6114f80 of 512 bytes failed: Only part of a ReadProcessMemory or WriteProcessMemory request was completed. (0x12B)
[1009/000625.385:ERROR:process_memory_win.cc(73)] ReadMemory at 0x7fffe9dd8713 of 512 bytes failed: Only part of a ReadProcessMemory or WriteProcessMemory request was completed. (0x12B)
[1009/000625.385:ERROR:process_memory_win.cc(73)] ReadMemory at 0x7fffed533960 of 512 bytes failed: Only part of a ReadProcessMemory or WriteProcessMemory request was completed. (0x12B)
[1009/000626.001:ERROR:scoped_process_suspend.cc(40)] NtResumeProcess: An attempt was made to access an exiting process. (0xc000010a)
[1016/013130.484:ERROR:directory_reader_win.cc(43)] FindFirstFile: The system cannot find the path specified. (0x3)
[1017/164541.179:ERROR:directory_reader_win.cc(43)] FindFirstFile: The system cannot find the path specified. (0x3)
[1019/155701.789:ERROR:directory_reader_win.cc(43)] FindFirstFile: The system cannot find the path specified. (0x3)
[1021/074931.890:ERROR:directory_reader_win.cc(43)] FindFirstFile: The system cannot find the path specified. (0x3)
